
> img2svg@1.0.0 build
> vite build

vite v6.3.5 building SSR bundle for production...
transforming...
/*! 🌼 daisyUI 5.0.35 */
✓ 164 modules transformed.
rendering chunks...
vite v6.3.5 building for production...
transforming...
✓ 145 modules transformed.
rendering chunks...
computing gzip size...
.svelte-kit/output/client/_app/version.json                        0.03 kB │ gzip:  0.05 kB
.svelte-kit/output/client/.vite/manifest.json                      3.25 kB │ gzip:  0.62 kB
.svelte-kit/output/client/_app/immutable/assets/2.Mv9fjgQp.css     0.15 kB │ gzip:  0.15 kB
.svelte-kit/output/client/_app/immutable/assets/0.B78tSNw3.css    71.55 kB │ gzip: 12.77 kB
.svelte-kit/output/client/_app/immutable/chunks/ClqGZfdt.js        0.03 kB │ gzip:  0.05 kB
.svelte-kit/output/client/_app/immutable/entry/start.CdwmWInW.js   0.08 kB │ gzip:  0.09 kB
.svelte-kit/output/client/_app/immutable/chunks/P5IOh3hs.js        0.32 kB │ gzip:  0.25 kB
.svelte-kit/output/client/_app/immutable/nodes/1.CnFlIgk9.js       1.06 kB │ gzip:  0.61 kB
.svelte-kit/output/client/_app/immutable/chunks/B-FFTy1m.js        1.34 kB │ gzip:  0.73 kB
.svelte-kit/output/client/_app/immutable/chunks/BWkjMq2J.js        1.65 kB │ gzip:  0.94 kB
.svelte-kit/output/client/_app/immutable/chunks/8kihFzVS.js        1.79 kB │ gzip:  1.00 kB
.svelte-kit/output/client/_app/immutable/chunks/BP3_lFF3.js        2.44 kB │ gzip:  1.28 kB
.svelte-kit/output/client/_app/immutable/nodes/0.MUSw5Gc7.js       4.72 kB │ gzip:  2.25 kB
.svelte-kit/output/client/_app/immutable/entry/app.Cu13gvt6.js     6.14 kB │ gzip:  2.89 kB
.svelte-kit/output/client/_app/immutable/chunks/qqsB5Nws.js       15.03 kB │ gzip:  6.06 kB
.svelte-kit/output/client/_app/immutable/chunks/C-FpBo_5.js       32.33 kB │ gzip: 12.60 kB
.svelte-kit/output/client/_app/immutable/nodes/2.DiWJdnQD.js      35.58 kB │ gzip: 11.06 kB
✓ built in 5.81s
.svelte-kit/output/server/.vite/manifest.json                           2.01 kB
.svelte-kit/output/server/_app/immutable/assets/_page.Mv9fjgQp.css      0.15 kB
.svelte-kit/output/server/_app/immutable/assets/_layout.fqyVob6E.css   70.39 kB
.svelte-kit/output/server/internal.js                                   0.31 kB
.svelte-kit/output/server/chunks/escaping.js                            0.53 kB
.svelte-kit/output/server/chunks/equality.js                            1.03 kB
.svelte-kit/output/server/entries/fallbacks/error.svelte.js             1.52 kB
.svelte-kit/output/server/entries/pages/_page.svelte.js                 1.98 kB
.svelte-kit/output/server/chunks/index.js                               3.29 kB
.svelte-kit/output/server/entries/pages/_layout.svelte.js               4.55 kB
.svelte-kit/output/server/chunks/exports.js                             6.89 kB
.svelte-kit/output/server/chunks/internal.js                           50.10 kB
.svelte-kit/output/server/index.js                                    106.36 kB
✓ built in 13.02s

Run npm run preview to preview your production build locally.

> Using @sveltejs/adapter-auto
  Could not detect a supported production environment. See https://svelte.dev/docs/kit/adapters to learn how to configure your app to run on the platform of your choosing
  ✔ done
